<?xml version="1.0" encoding="UTF-8"?>
<!-- Generated by org.testng.reporters.JUnitReportReporter -->
<testsuite skipped="0" hostname="US-5CG0253H67" name="BasicProj.Basicproj.DemoTest" tests="2" failures="0" timestamp="26 Jul 2022 13:32:38 GMT" time="89.980" errors="0">
  <testcase name="AccessoriesPage" time="50.177" classname="BasicProj.Basicproj.DemoTest"/>
  <testcase name="podspage" time="39.803" classname="BasicProj.Basicproj.DemoTest"/>
</testsuite> <!-- BasicProj.Basicproj.DemoTest -->
